<?xml version="1.0" encoding="utf-8"?>
<UpgradeLog>
    <Settings>
        <Setting
            Name = "LogFile"
            Value = "Project1.log"
        />
        <Setting
            Name = "GenerateInterfacesForClasses"
            Value = "FALSE"
        />
        <Setting
            Name = "ProjectName"
            Value = "Project1"
        />
        <Setting
            Name = "OutputName"
            Value = "Project1.vbproj"
        />
        <Setting
            Name = "OutputDir"
            Value = "C:\Documents and Settings\uchandran\Desktop\MySoftwares\In VisualBasic\FontExplorer\Source\Project1.NET"
        />
        <Setting
            Name = "ProjectPath"
            Value = "C:\Documents and Settings\uchandran\Desktop\MySoftwares\In VisualBasic\FontExplorer\Source\Project1.vbp"
        />
        <Setting
            Name = "MigrateProjectTo"
            Value = "0"
        />
    </Settings>
    <File
        OldPath = "C:\Documents and Settings\uchandran\Desktop\MySoftwares\In VisualBasic\FontExplorer\Source\FONTEX.FRM"
        NewPath = "C:\Documents and Settings\uchandran\Desktop\MySoftwares\In VisualBasic\FontExplorer\Source\Project1.NET\FONTEX.vb"
        FileType = "Form"
        Upgraded = "True"
    >
        <Section Name = "(Layout)" >
            <Issue
                Type = "Design"
                Number = "2045"
                ObjectName = "List1"
                ObjectType = "ListBox"
                PME = "Font"
            >Only TrueType and OpenType fonts are supported in Windows Forms.</Issue>
        </Section>
        <Section Name = "Form_Load" >
            <Issue
                Type = "Compile"
                Number = "2064"
                ObjectName = "Screen"
                ObjectType = "Screen"
                PME = "FontCount"
            >Screen property Screen.FontCount was not upgraded.</Issue>
            <Issue
                Type = "Compile"
                Number = "2064"
                ObjectName = "Screen"
                ObjectType = "Screen"
                PME = "Fonts"
            >Screen property Screen.Fonts was not upgraded.</Issue>
        </Section>
        <Section Name = "List1_Click" >
            <Issue
                Type = "Runtime"
                Number = "2075"
            >Event List1.SelectedIndexChanged may fire when form is initialized.</Issue>
        </Section>
    </File>
</UpgradeLog>

